<?xml version="1.0" encoding="UTF-8"?>
<testsuite xmlns:xsi="http://www.w3.org/2001/XMLSchema-instance" xsi:noNamespaceSchemaLocation="https://maven.apache.org/surefire/maven-surefire-plugin/xsd/surefire-test-report.xsd" name="TestSuite" time="78.959" tests="1" errors="0" skipped="1" failures="0">
  <properties>
    <property name="sun.desktop" value="windows"/>
    <property name="awt.toolkit" value="sun.awt.windows.WToolkit"/>
    <property name="file.encoding.pkg" value="sun.io"/>
    <property name="java.specification.version" value="1.8"/>
    <property name="sun.cpu.isalist" value="amd64"/>
    <property name="sun.jnu.encoding" value="Cp1252"/>
    <property name="java.class.path" value="C:\Users\GRhombus_1\eclipse-workspace\org.grhombus.chennaiTeam.LearningProject\target\test-classes;C:\Users\GRhombus_1\eclipse-workspace\org.grhombus.chennaiTeam.LearningProject\target\classes;C:\Users\GRhombus_1\.m2\repository\org\testng\testng\7.1.0\testng-7.1.0.jar;C:\Users\GRhombus_1\.m2\repository\com\beust\jcommander\1.72\jcommander-1.72.jar;C:\Users\GRhombus_1\.m2\repository\com\google\inject\guice\4.1.0\guice-4.1.0-no_aop.jar;C:\Users\GRhombus_1\.m2\repository\javax\inject\javax.inject\1\javax.inject-1.jar;C:\Users\GRhombus_1\.m2\repository\aopalliance\aopalliance\1.0\aopalliance-1.0.jar;C:\Users\GRhombus_1\.m2\repository\org\yaml\snakeyaml\1.21\snakeyaml-1.21.jar;C:\Users\GRhombus_1\.m2\repository\org\seleniumhq\selenium\selenium-java\3.141.59\selenium-java-3.141.59.jar;C:\Users\GRhombus_1\.m2\repository\org\seleniumhq\selenium\selenium-api\3.141.59\selenium-api-3.141.59.jar;C:\Users\GRhombus_1\.m2\repository\org\seleniumhq\selenium\selenium-chrome-driver\3.141.59\selenium-chrome-driver-3.141.59.jar;C:\Users\GRhombus_1\.m2\repository\org\seleniumhq\selenium\selenium-edge-driver\3.141.59\selenium-edge-driver-3.141.59.jar;C:\Users\GRhombus_1\.m2\repository\org\seleniumhq\selenium\selenium-firefox-driver\3.141.59\selenium-firefox-driver-3.141.59.jar;C:\Users\GRhombus_1\.m2\repository\org\seleniumhq\selenium\selenium-ie-driver\3.141.59\selenium-ie-driver-3.141.59.jar;C:\Users\GRhombus_1\.m2\repository\org\seleniumhq\selenium\selenium-opera-driver\3.141.59\selenium-opera-driver-3.141.59.jar;C:\Users\GRhombus_1\.m2\repository\org\seleniumhq\selenium\selenium-remote-driver\3.141.59\selenium-remote-driver-3.141.59.jar;C:\Users\GRhombus_1\.m2\repository\org\seleniumhq\selenium\selenium-safari-driver\3.141.59\selenium-safari-driver-3.141.59.jar;C:\Users\GRhombus_1\.m2\repository\org\seleniumhq\selenium\selenium-support\3.141.59\selenium-support-3.141.59.jar;C:\Users\GRhombus_1\.m2\repository\net\bytebuddy\byte-buddy\1.8.15\byte-buddy-1.8.15.jar;C:\Users\GRhombus_1\.m2\repository\org\apache\commons\commons-exec\1.3\commons-exec-1.3.jar;C:\Users\GRhombus_1\.m2\repository\com\google\guava\guava\25.0-jre\guava-25.0-jre.jar;C:\Users\GRhombus_1\.m2\repository\com\google\code\findbugs\jsr305\1.3.9\jsr305-1.3.9.jar;C:\Users\GRhombus_1\.m2\repository\org\checkerframework\checker-compat-qual\2.0.0\checker-compat-qual-2.0.0.jar;C:\Users\GRhombus_1\.m2\repository\com\google\errorprone\error_prone_annotations\2.1.3\error_prone_annotations-2.1.3.jar;C:\Users\GRhombus_1\.m2\repository\com\google\j2objc\j2objc-annotations\1.1\j2objc-annotations-1.1.jar;C:\Users\GRhombus_1\.m2\repository\org\codehaus\mojo\animal-sniffer-annotations\1.14\animal-sniffer-annotations-1.14.jar;C:\Users\GRhombus_1\.m2\repository\com\squareup\okhttp3\okhttp\3.11.0\okhttp-3.11.0.jar;C:\Users\GRhombus_1\.m2\repository\com\squareup\okio\okio\1.14.0\okio-1.14.0.jar;C:\Users\GRhombus_1\.m2\repository\io\cucumber\cucumber-java\3.0.2\cucumber-java-3.0.2.jar;C:\Users\GRhombus_1\.m2\repository\io\cucumber\cucumber-core\3.0.2\cucumber-core-3.0.2.jar;C:\Users\GRhombus_1\.m2\repository\io\cucumber\cucumber-html\0.2.7\cucumber-html-0.2.7.jar;C:\Users\GRhombus_1\.m2\repository\io\cucumber\tag-expressions\1.1.1\tag-expressions-1.1.1.jar;C:\Users\GRhombus_1\.m2\repository\io\cucumber\cucumber-expressions\5.0.19\cucumber-expressions-5.0.19.jar;C:\Users\GRhombus_1\.m2\repository\io\cucumber\datatable\1.0.3\datatable-1.0.3.jar;C:\Users\GRhombus_1\.m2\repository\io\cucumber\datatable-dependencies\1.0.3\datatable-dependencies-1.0.3.jar;C:\Users\GRhombus_1\.m2\repository\io\cucumber\cucumber-java8\3.0.2\cucumber-java8-3.0.2.jar;C:\Users\GRhombus_1\.m2\repository\net\jodah\typetools\0.5.0\typetools-0.5.0.jar;C:\Users\GRhombus_1\.m2\repository\io\cucumber\cucumber-picocontainer\3.0.2\cucumber-picocontainer-3.0.2.jar;C:\Users\GRhombus_1\.m2\repository\io\cucumber\gherkin\5.0.0\gherkin-5.0.0.jar;C:\Users\GRhombus_1\.m2\repository\org\picocontainer\picocontainer\2.15\picocontainer-2.15.jar;C:\Users\GRhombus_1\.m2\repository\io\cucumber\cucumber-testng\3.0.2\cucumber-testng-3.0.2.jar;C:\Users\GRhombus_1\.m2\repository\com\github\mkolisnyk\cucumber-reports\0.0.11\cucumber-reports-0.0.11.jar;C:\Users\GRhombus_1\.m2\repository\com\cedarsoftware\json-io\2.2.31\json-io-2.2.31.jar;C:\Users\GRhombus_1\.m2\repository\info\cukes\cucumber-picocontainer\1.2.2\cucumber-picocontainer-1.2.2.jar;C:\Users\GRhombus_1\.m2\repository\info\cukes\cucumber-java\1.2.2\cucumber-java-1.2.2.jar;C:\Users\GRhombus_1\.m2\repository\info\cukes\cucumber-jvm-deps\1.0.3\cucumber-jvm-deps-1.0.3.jar;C:\Users\GRhombus_1\.m2\repository\info\cukes\gherkin\2.12.2\gherkin-2.12.2.jar;C:\Users\GRhombus_1\.m2\repository\info\cukes\cucumber-junit\1.2.2\cucumber-junit-1.2.2.jar;C:\Users\GRhombus_1\.m2\repository\info\cukes\cucumber-core\1.2.2\cucumber-core-1.2.2.jar;C:\Users\GRhombus_1\.m2\repository\info\cukes\cucumber-html\0.2.3\cucumber-html-0.2.3.jar;C:\Users\GRhombus_1\.m2\repository\net\sourceforge\htmlunit\htmlunit\2.16\htmlunit-2.16.jar;C:\Users\GRhombus_1\.m2\repository\xalan\xalan\2.7.1\xalan-2.7.1.jar;C:\Users\GRhombus_1\.m2\repository\xalan\serializer\2.7.1\serializer-2.7.1.jar;C:\Users\GRhombus_1\.m2\repository\org\apache\httpcomponents\httpclient\4.4.1\httpclient-4.4.1.jar;C:\Users\GRhombus_1\.m2\repository\org\apache\httpcomponents\httpcore\4.4.1\httpcore-4.4.1.jar;C:\Users\GRhombus_1\.m2\repository\org\apache\httpcomponents\httpmime\4.4.1\httpmime-4.4.1.jar;C:\Users\GRhombus_1\.m2\repository\commons-codec\commons-codec\1.9\commons-codec-1.9.jar;C:\Users\GRhombus_1\.m2\repository\net\sourceforge\htmlunit\htmlunit-core-js\2.16\htmlunit-core-js-2.16.jar;C:\Users\GRhombus_1\.m2\repository\xerces\xercesImpl\2.11.0\xercesImpl-2.11.0.jar;C:\Users\GRhombus_1\.m2\repository\xml-apis\xml-apis\1.4.01\xml-apis-1.4.01.jar;C:\Users\GRhombus_1\.m2\repository\net\sourceforge\nekohtml\nekohtml\1.9.22\nekohtml-1.9.22.jar;C:\Users\GRhombus_1\.m2\repository\net\sourceforge\cssparser\cssparser\0.9.15\cssparser-0.9.15.jar;C:\Users\GRhombus_1\.m2\repository\org\w3c\css\sac\1.3\sac-1.3.jar;C:\Users\GRhombus_1\.m2\repository\commons-logging\commons-logging\1.2\commons-logging-1.2.jar;C:\Users\GRhombus_1\.m2\repository\org\eclipse\jetty\websocket\websocket-client\9.2.10.v20150310\websocket-client-9.2.10.v20150310.jar;C:\Users\GRhombus_1\.m2\repository\org\eclipse\jetty\jetty-util\9.2.10.v20150310\jetty-util-9.2.10.v20150310.jar;C:\Users\GRhombus_1\.m2\repository\org\eclipse\jetty\jetty-io\9.2.10.v20150310\jetty-io-9.2.10.v20150310.jar;C:\Users\GRhombus_1\.m2\repository\org\eclipse\jetty\websocket\websocket-common\9.2.10.v20150310\websocket-common-9.2.10.v20150310.jar;C:\Users\GRhombus_1\.m2\repository\org\eclipse\jetty\websocket\websocket-api\9.2.10.v20150310\websocket-api-9.2.10.v20150310.jar;C:\Users\GRhombus_1\.m2\repository\junit\junit\4.11\junit-4.11.jar;C:\Users\GRhombus_1\.m2\repository\org\hamcrest\hamcrest-core\1.3\hamcrest-core-1.3.jar;C:\Users\GRhombus_1\.m2\repository\org\xhtmlrenderer\flying-saucer-pdf\9.0.7\flying-saucer-pdf-9.0.7.jar;C:\Users\GRhombus_1\.m2\repository\com\lowagie\itext\2.1.7\itext-2.1.7.jar;C:\Users\GRhombus_1\.m2\repository\bouncycastle\bcmail-jdk14\138\bcmail-jdk14-138.jar;C:\Users\GRhombus_1\.m2\repository\bouncycastle\bcprov-jdk14\138\bcprov-jdk14-138.jar;C:\Users\GRhombus_1\.m2\repository\org\bouncycastle\bctsp-jdk14\1.38\bctsp-jdk14-1.38.jar;C:\Users\GRhombus_1\.m2\repository\org\xhtmlrenderer\flying-saucer-core\9.0.7\flying-saucer-core-9.0.7.jar;C:\Users\GRhombus_1\.m2\repository\org\codehaus\plexus\plexus-utils\3.0.1\plexus-utils-3.0.1.jar;C:\Users\GRhombus_1\.m2\repository\org\apache\maven\maven-plugin-api\2.0\maven-plugin-api-2.0.jar;C:\Users\GRhombus_1\.m2\repository\org\apache\maven\reporting\maven-reporting-api\2.0.8\maven-reporting-api-2.0.8.jar;C:\Users\GRhombus_1\.m2\repository\org\apache\maven\doxia\doxia-sink-api\1.0-alpha-9\doxia-sink-api-1.0-alpha-9.jar;C:\Users\GRhombus_1\.m2\repository\org\apache\maven\reporting\maven-reporting-impl\2.0.4.3\maven-reporting-impl-2.0.4.3.jar;C:\Users\GRhombus_1\.m2\repository\org\apache\maven\maven-project\2.0.4\maven-project-2.0.4.jar;C:\Users\GRhombus_1\.m2\repository\org\apache\maven\maven-settings\2.0.4\maven-settings-2.0.4.jar;C:\Users\GRhombus_1\.m2\repository\org\apache\maven\maven-profile\2.0.4\maven-profile-2.0.4.jar;C:\Users\GRhombus_1\.m2\repository\org\apache\maven\maven-model\2.0.4\maven-model-2.0.4.jar;C:\Users\GRhombus_1\.m2\repository\org\apache\maven\maven-artifact-manager\2.0.4\maven-artifact-manager-2.0.4.jar;C:\Users\GRhombus_1\.m2\repository\org\apache\maven\maven-repository-metadata\2.0.4\maven-repository-metadata-2.0.4.jar;C:\Users\GRhombus_1\.m2\repository\org\apache\maven\wagon\wagon-provider-api\1.0-alpha-6\wagon-provider-api-1.0-alpha-6.jar;C:\Users\GRhombus_1\.m2\repository\org\apache\maven\maven-artifact\2.0.4\maven-artifact-2.0.4.jar;C:\Users\GRhombus_1\.m2\repository\org\codehaus\plexus\plexus-container-default\1.0-alpha-9\plexus-container-default-1.0-alpha-9.jar;C:\Users\GRhombus_1\.m2\repository\classworlds\classworlds\1.1-alpha-2\classworlds-1.1-alpha-2.jar;C:\Users\GRhombus_1\.m2\repository\org\apache\maven\doxia\doxia-core\1.0\doxia-core-1.0.jar;C:\Users\GRhombus_1\.m2\repository\org\apache\maven\doxia\doxia-site-renderer\1.0\doxia-site-renderer-1.0.jar;C:\Users\GRhombus_1\.m2\repository\org\codehaus\plexus\plexus-i18n\1.0-beta-7\plexus-i18n-1.0-beta-7.jar;C:\Users\GRhombus_1\.m2\repository\org\codehaus\plexus\plexus-velocity\1.1.7\plexus-velocity-1.1.7.jar;C:\Users\GRhombus_1\.m2\repository\org\apache\velocity\velocity\1.5\velocity-1.5.jar;C:\Users\GRhombus_1\.m2\repository\org\apache\maven\doxia\doxia-decoration-model\1.0\doxia-decoration-model-1.0.jar;C:\Users\GRhombus_1\.m2\repository\org\apache\maven\doxia\doxia-module-apt\1.0\doxia-module-apt-1.0.jar;C:\Users\GRhombus_1\.m2\repository\org\apache\maven\doxia\doxia-module-fml\1.0\doxia-module-fml-1.0.jar;C:\Users\GRhombus_1\.m2\repository\org\apache\maven\doxia\doxia-module-xdoc\1.0\doxia-module-xdoc-1.0.jar;C:\Users\GRhombus_1\.m2\repository\org\apache\maven\doxia\doxia-module-xhtml\1.0\doxia-module-xhtml-1.0.jar;C:\Users\GRhombus_1\.m2\repository\commons-validator\commons-validator\1.2.0\commons-validator-1.2.0.jar;C:\Users\GRhombus_1\.m2\repository\commons-beanutils\commons-beanutils\1.7.0\commons-beanutils-1.7.0.jar;C:\Users\GRhombus_1\.m2\repository\commons-digester\commons-digester\1.6\commons-digester-1.6.jar;C:\Users\GRhombus_1\.m2\repository\oro\oro\2.0.8\oro-2.0.8.jar;C:\Users\GRhombus_1\.m2\repository\org\apache\maven\shared\maven-doxia-tools\1.0.2\maven-doxia-tools-1.0.2.jar;C:\Users\GRhombus_1\.m2\repository\net\masterthought\cucumber-reporting\5.0.2\cucumber-reporting-5.0.2.jar;C:\Users\GRhombus_1\.m2\repository\com\fasterxml\jackson\core\jackson-databind\2.10.1\jackson-databind-2.10.1.jar;C:\Users\GRhombus_1\.m2\repository\com\fasterxml\jackson\core\jackson-annotations\2.10.1\jackson-annotations-2.10.1.jar;C:\Users\GRhombus_1\.m2\repository\com\fasterxml\jackson\core\jackson-core\2.10.1\jackson-core-2.10.1.jar;C:\Users\GRhombus_1\.m2\repository\com\fasterxml\jackson\datatype\jackson-datatype-jsr310\2.10.1\jackson-datatype-jsr310-2.10.1.jar;C:\Users\GRhombus_1\.m2\repository\org\apache\velocity\velocity-engine-core\2.1\velocity-engine-core-2.1.jar;C:\Users\GRhombus_1\.m2\repository\org\slf4j\slf4j-api\1.7.26\slf4j-api-1.7.26.jar;C:\Users\GRhombus_1\.m2\repository\commons-collections\commons-collections\3.2.2\commons-collections-3.2.2.jar;C:\Users\GRhombus_1\.m2\repository\joda-time\joda-time\2.10.5\joda-time-2.10.5.jar;C:\Users\GRhombus_1\.m2\repository\org\apache\commons\commons-lang3\3.9\commons-lang3-3.9.jar;C:\Users\GRhombus_1\.m2\repository\commons-io\commons-io\2.6\commons-io-2.6.jar;C:\Users\GRhombus_1\.m2\repository\org\jsoup\jsoup\1.12.1\jsoup-1.12.1.jar;C:\Users\GRhombus_1\.m2\repository\com\googlecode\owasp-java-html-sanitizer\owasp-java-html-sanitizer\20191001.1\owasp-java-html-sanitizer-20191001.1.jar;C:\Users\GRhombus_1\.m2\repository\commons-configuration\commons-configuration\1.10\commons-configuration-1.10.jar;C:\Users\GRhombus_1\.m2\repository\commons-lang\commons-lang\2.6\commons-lang-2.6.jar;"/>
    <property name="java.vm.vendor" value="Oracle Corporation"/>
    <property name="sun.arch.data.model" value="64"/>
    <property name="user.variant" value=""/>
    <property name="java.vendor.url" value="http://java.oracle.com/"/>
    <property name="user.timezone" value="Asia/Calcutta"/>
    <property name="java.vm.specification.version" value="1.8"/>
    <property name="os.name" value="Windows 10"/>
    <property name="user.country" value="IN"/>
    <property name="sun.java.launcher" value="SUN_STANDARD"/>
    <property name="sun.boot.library.path" value="C:\Program Files\Java\jdk1.8.0_241\jre\bin"/>
    <property name="sun.java.command" value="C:\Users\GRHOMB~1\AppData\Local\Temp\surefire6130999679451519522\surefirebooter7394310526838091741.jar C:\Users\GRhombus_1\AppData\Local\Temp\surefire6130999679451519522 2020-02-18T15-36-28_074-jvmRun1 surefire5975574325010060215tmp surefire_03150111541496327026tmp"/>
    <property name="surefire.test.class.path" value="C:\Users\GRhombus_1\eclipse-workspace\org.grhombus.chennaiTeam.LearningProject\target\test-classes;C:\Users\GRhombus_1\eclipse-workspace\org.grhombus.chennaiTeam.LearningProject\target\classes;C:\Users\GRhombus_1\.m2\repository\org\testng\testng\7.1.0\testng-7.1.0.jar;C:\Users\GRhombus_1\.m2\repository\com\beust\jcommander\1.72\jcommander-1.72.jar;C:\Users\GRhombus_1\.m2\repository\com\google\inject\guice\4.1.0\guice-4.1.0-no_aop.jar;C:\Users\GRhombus_1\.m2\repository\javax\inject\javax.inject\1\javax.inject-1.jar;C:\Users\GRhombus_1\.m2\repository\aopalliance\aopalliance\1.0\aopalliance-1.0.jar;C:\Users\GRhombus_1\.m2\repository\org\yaml\snakeyaml\1.21\snakeyaml-1.21.jar;C:\Users\GRhombus_1\.m2\repository\org\seleniumhq\selenium\selenium-java\3.141.59\selenium-java-3.141.59.jar;C:\Users\GRhombus_1\.m2\repository\org\seleniumhq\selenium\selenium-api\3.141.59\selenium-api-3.141.59.jar;C:\Users\GRhombus_1\.m2\repository\org\seleniumhq\selenium\selenium-chrome-driver\3.141.59\selenium-chrome-driver-3.141.59.jar;C:\Users\GRhombus_1\.m2\repository\org\seleniumhq\selenium\selenium-edge-driver\3.141.59\selenium-edge-driver-3.141.59.jar;C:\Users\GRhombus_1\.m2\repository\org\seleniumhq\selenium\selenium-firefox-driver\3.141.59\selenium-firefox-driver-3.141.59.jar;C:\Users\GRhombus_1\.m2\repository\org\seleniumhq\selenium\selenium-ie-driver\3.141.59\selenium-ie-driver-3.141.59.jar;C:\Users\GRhombus_1\.m2\repository\org\seleniumhq\selenium\selenium-opera-driver\3.141.59\selenium-opera-driver-3.141.59.jar;C:\Users\GRhombus_1\.m2\repository\org\seleniumhq\selenium\selenium-remote-driver\3.141.59\selenium-remote-driver-3.141.59.jar;C:\Users\GRhombus_1\.m2\repository\org\seleniumhq\selenium\selenium-safari-driver\3.141.59\selenium-safari-driver-3.141.59.jar;C:\Users\GRhombus_1\.m2\repository\org\seleniumhq\selenium\selenium-support\3.141.59\selenium-support-3.141.59.jar;C:\Users\GRhombus_1\.m2\repository\net\bytebuddy\byte-buddy\1.8.15\byte-buddy-1.8.15.jar;C:\Users\GRhombus_1\.m2\repository\org\apache\commons\commons-exec\1.3\commons-exec-1.3.jar;C:\Users\GRhombus_1\.m2\repository\com\google\guava\guava\25.0-jre\guava-25.0-jre.jar;C:\Users\GRhombus_1\.m2\repository\com\google\code\findbugs\jsr305\1.3.9\jsr305-1.3.9.jar;C:\Users\GRhombus_1\.m2\repository\org\checkerframework\checker-compat-qual\2.0.0\checker-compat-qual-2.0.0.jar;C:\Users\GRhombus_1\.m2\repository\com\google\errorprone\error_prone_annotations\2.1.3\error_prone_annotations-2.1.3.jar;C:\Users\GRhombus_1\.m2\repository\com\google\j2objc\j2objc-annotations\1.1\j2objc-annotations-1.1.jar;C:\Users\GRhombus_1\.m2\repository\org\codehaus\mojo\animal-sniffer-annotations\1.14\animal-sniffer-annotations-1.14.jar;C:\Users\GRhombus_1\.m2\repository\com\squareup\okhttp3\okhttp\3.11.0\okhttp-3.11.0.jar;C:\Users\GRhombus_1\.m2\repository\com\squareup\okio\okio\1.14.0\okio-1.14.0.jar;C:\Users\GRhombus_1\.m2\repository\io\cucumber\cucumber-java\3.0.2\cucumber-java-3.0.2.jar;C:\Users\GRhombus_1\.m2\repository\io\cucumber\cucumber-core\3.0.2\cucumber-core-3.0.2.jar;C:\Users\GRhombus_1\.m2\repository\io\cucumber\cucumber-html\0.2.7\cucumber-html-0.2.7.jar;C:\Users\GRhombus_1\.m2\repository\io\cucumber\tag-expressions\1.1.1\tag-expressions-1.1.1.jar;C:\Users\GRhombus_1\.m2\repository\io\cucumber\cucumber-expressions\5.0.19\cucumber-expressions-5.0.19.jar;C:\Users\GRhombus_1\.m2\repository\io\cucumber\datatable\1.0.3\datatable-1.0.3.jar;C:\Users\GRhombus_1\.m2\repository\io\cucumber\datatable-dependencies\1.0.3\datatable-dependencies-1.0.3.jar;C:\Users\GRhombus_1\.m2\repository\io\cucumber\cucumber-java8\3.0.2\cucumber-java8-3.0.2.jar;C:\Users\GRhombus_1\.m2\repository\net\jodah\typetools\0.5.0\typetools-0.5.0.jar;C:\Users\GRhombus_1\.m2\repository\io\cucumber\cucumber-picocontainer\3.0.2\cucumber-picocontainer-3.0.2.jar;C:\Users\GRhombus_1\.m2\repository\io\cucumber\gherkin\5.0.0\gherkin-5.0.0.jar;C:\Users\GRhombus_1\.m2\repository\org\picocontainer\picocontainer\2.15\picocontainer-2.15.jar;C:\Users\GRhombus_1\.m2\repository\io\cucumber\cucumber-testng\3.0.2\cucumber-testng-3.0.2.jar;C:\Users\GRhombus_1\.m2\repository\com\github\mkolisnyk\cucumber-reports\0.0.11\cucumber-reports-0.0.11.jar;C:\Users\GRhombus_1\.m2\repository\com\cedarsoftware\json-io\2.2.31\json-io-2.2.31.jar;C:\Users\GRhombus_1\.m2\repository\info\cukes\cucumber-picocontainer\1.2.2\cucumber-picocontainer-1.2.2.jar;C:\Users\GRhombus_1\.m2\repository\info\cukes\cucumber-java\1.2.2\cucumber-java-1.2.2.jar;C:\Users\GRhombus_1\.m2\repository\info\cukes\cucumber-jvm-deps\1.0.3\cucumber-jvm-deps-1.0.3.jar;C:\Users\GRhombus_1\.m2\repository\info\cukes\gherkin\2.12.2\gherkin-2.12.2.jar;C:\Users\GRhombus_1\.m2\repository\info\cukes\cucumber-junit\1.2.2\cucumber-junit-1.2.2.jar;C:\Users\GRhombus_1\.m2\repository\info\cukes\cucumber-core\1.2.2\cucumber-core-1.2.2.jar;C:\Users\GRhombus_1\.m2\repository\info\cukes\cucumber-html\0.2.3\cucumber-html-0.2.3.jar;C:\Users\GRhombus_1\.m2\repository\net\sourceforge\htmlunit\htmlunit\2.16\htmlunit-2.16.jar;C:\Users\GRhombus_1\.m2\repository\xalan\xalan\2.7.1\xalan-2.7.1.jar;C:\Users\GRhombus_1\.m2\repository\xalan\serializer\2.7.1\serializer-2.7.1.jar;C:\Users\GRhombus_1\.m2\repository\org\apache\httpcomponents\httpclient\4.4.1\httpclient-4.4.1.jar;C:\Users\GRhombus_1\.m2\repository\org\apache\httpcomponents\httpcore\4.4.1\httpcore-4.4.1.jar;C:\Users\GRhombus_1\.m2\repository\org\apache\httpcomponents\httpmime\4.4.1\httpmime-4.4.1.jar;C:\Users\GRhombus_1\.m2\repository\commons-codec\commons-codec\1.9\commons-codec-1.9.jar;C:\Users\GRhombus_1\.m2\repository\net\sourceforge\htmlunit\htmlunit-core-js\2.16\htmlunit-core-js-2.16.jar;C:\Users\GRhombus_1\.m2\repository\xerces\xercesImpl\2.11.0\xercesImpl-2.11.0.jar;C:\Users\GRhombus_1\.m2\repository\xml-apis\xml-apis\1.4.01\xml-apis-1.4.01.jar;C:\Users\GRhombus_1\.m2\repository\net\sourceforge\nekohtml\nekohtml\1.9.22\nekohtml-1.9.22.jar;C:\Users\GRhombus_1\.m2\repository\net\sourceforge\cssparser\cssparser\0.9.15\cssparser-0.9.15.jar;C:\Users\GRhombus_1\.m2\repository\org\w3c\css\sac\1.3\sac-1.3.jar;C:\Users\GRhombus_1\.m2\repository\commons-logging\commons-logging\1.2\commons-logging-1.2.jar;C:\Users\GRhombus_1\.m2\repository\org\eclipse\jetty\websocket\websocket-client\9.2.10.v20150310\websocket-client-9.2.10.v20150310.jar;C:\Users\GRhombus_1\.m2\repository\org\eclipse\jetty\jetty-util\9.2.10.v20150310\jetty-util-9.2.10.v20150310.jar;C:\Users\GRhombus_1\.m2\repository\org\eclipse\jetty\jetty-io\9.2.10.v20150310\jetty-io-9.2.10.v20150310.jar;C:\Users\GRhombus_1\.m2\repository\org\eclipse\jetty\websocket\websocket-common\9.2.10.v20150310\websocket-common-9.2.10.v20150310.jar;C:\Users\GRhombus_1\.m2\repository\org\eclipse\jetty\websocket\websocket-api\9.2.10.v20150310\websocket-api-9.2.10.v20150310.jar;C:\Users\GRhombus_1\.m2\repository\junit\junit\4.11\junit-4.11.jar;C:\Users\GRhombus_1\.m2\repository\org\hamcrest\hamcrest-core\1.3\hamcrest-core-1.3.jar;C:\Users\GRhombus_1\.m2\repository\org\xhtmlrenderer\flying-saucer-pdf\9.0.7\flying-saucer-pdf-9.0.7.jar;C:\Users\GRhombus_1\.m2\repository\com\lowagie\itext\2.1.7\itext-2.1.7.jar;C:\Users\GRhombus_1\.m2\repository\bouncycastle\bcmail-jdk14\138\bcmail-jdk14-138.jar;C:\Users\GRhombus_1\.m2\repository\bouncycastle\bcprov-jdk14\138\bcprov-jdk14-138.jar;C:\Users\GRhombus_1\.m2\repository\org\bouncycastle\bctsp-jdk14\1.38\bctsp-jdk14-1.38.jar;C:\Users\GRhombus_1\.m2\repository\org\xhtmlrenderer\flying-saucer-core\9.0.7\flying-saucer-core-9.0.7.jar;C:\Users\GRhombus_1\.m2\repository\org\codehaus\plexus\plexus-utils\3.0.1\plexus-utils-3.0.1.jar;C:\Users\GRhombus_1\.m2\repository\org\apache\maven\maven-plugin-api\2.0\maven-plugin-api-2.0.jar;C:\Users\GRhombus_1\.m2\repository\org\apache\maven\reporting\maven-reporting-api\2.0.8\maven-reporting-api-2.0.8.jar;C:\Users\GRhombus_1\.m2\repository\org\apache\maven\doxia\doxia-sink-api\1.0-alpha-9\doxia-sink-api-1.0-alpha-9.jar;C:\Users\GRhombus_1\.m2\repository\org\apache\maven\reporting\maven-reporting-impl\2.0.4.3\maven-reporting-impl-2.0.4.3.jar;C:\Users\GRhombus_1\.m2\repository\org\apache\maven\maven-project\2.0.4\maven-project-2.0.4.jar;C:\Users\GRhombus_1\.m2\repository\org\apache\maven\maven-settings\2.0.4\maven-settings-2.0.4.jar;C:\Users\GRhombus_1\.m2\repository\org\apache\maven\maven-profile\2.0.4\maven-profile-2.0.4.jar;C:\Users\GRhombus_1\.m2\repository\org\apache\maven\maven-model\2.0.4\maven-model-2.0.4.jar;C:\Users\GRhombus_1\.m2\repository\org\apache\maven\maven-artifact-manager\2.0.4\maven-artifact-manager-2.0.4.jar;C:\Users\GRhombus_1\.m2\repository\org\apache\maven\maven-repository-metadata\2.0.4\maven-repository-metadata-2.0.4.jar;C:\Users\GRhombus_1\.m2\repository\org\apache\maven\wagon\wagon-provider-api\1.0-alpha-6\wagon-provider-api-1.0-alpha-6.jar;C:\Users\GRhombus_1\.m2\repository\org\apache\maven\maven-artifact\2.0.4\maven-artifact-2.0.4.jar;C:\Users\GRhombus_1\.m2\repository\org\codehaus\plexus\plexus-container-default\1.0-alpha-9\plexus-container-default-1.0-alpha-9.jar;C:\Users\GRhombus_1\.m2\repository\classworlds\classworlds\1.1-alpha-2\classworlds-1.1-alpha-2.jar;C:\Users\GRhombus_1\.m2\repository\org\apache\maven\doxia\doxia-core\1.0\doxia-core-1.0.jar;C:\Users\GRhombus_1\.m2\repository\org\apache\maven\doxia\doxia-site-renderer\1.0\doxia-site-renderer-1.0.jar;C:\Users\GRhombus_1\.m2\repository\org\codehaus\plexus\plexus-i18n\1.0-beta-7\plexus-i18n-1.0-beta-7.jar;C:\Users\GRhombus_1\.m2\repository\org\codehaus\plexus\plexus-velocity\1.1.7\plexus-velocity-1.1.7.jar;C:\Users\GRhombus_1\.m2\repository\org\apache\velocity\velocity\1.5\velocity-1.5.jar;C:\Users\GRhombus_1\.m2\repository\org\apache\maven\doxia\doxia-decoration-model\1.0\doxia-decoration-model-1.0.jar;C:\Users\GRhombus_1\.m2\repository\org\apache\maven\doxia\doxia-module-apt\1.0\doxia-module-apt-1.0.jar;C:\Users\GRhombus_1\.m2\repository\org\apache\maven\doxia\doxia-module-fml\1.0\doxia-module-fml-1.0.jar;C:\Users\GRhombus_1\.m2\repository\org\apache\maven\doxia\doxia-module-xdoc\1.0\doxia-module-xdoc-1.0.jar;C:\Users\GRhombus_1\.m2\repository\org\apache\maven\doxia\doxia-module-xhtml\1.0\doxia-module-xhtml-1.0.jar;C:\Users\GRhombus_1\.m2\repository\commons-validator\commons-validator\1.2.0\commons-validator-1.2.0.jar;C:\Users\GRhombus_1\.m2\repository\commons-beanutils\commons-beanutils\1.7.0\commons-beanutils-1.7.0.jar;C:\Users\GRhombus_1\.m2\repository\commons-digester\commons-digester\1.6\commons-digester-1.6.jar;C:\Users\GRhombus_1\.m2\repository\oro\oro\2.0.8\oro-2.0.8.jar;C:\Users\GRhombus_1\.m2\repository\org\apache\maven\shared\maven-doxia-tools\1.0.2\maven-doxia-tools-1.0.2.jar;C:\Users\GRhombus_1\.m2\repository\net\masterthought\cucumber-reporting\5.0.2\cucumber-reporting-5.0.2.jar;C:\Users\GRhombus_1\.m2\repository\com\fasterxml\jackson\core\jackson-databind\2.10.1\jackson-databind-2.10.1.jar;C:\Users\GRhombus_1\.m2\repository\com\fasterxml\jackson\core\jackson-annotations\2.10.1\jackson-annotations-2.10.1.jar;C:\Users\GRhombus_1\.m2\repository\com\fasterxml\jackson\core\jackson-core\2.10.1\jackson-core-2.10.1.jar;C:\Users\GRhombus_1\.m2\repository\com\fasterxml\jackson\datatype\jackson-datatype-jsr310\2.10.1\jackson-datatype-jsr310-2.10.1.jar;C:\Users\GRhombus_1\.m2\repository\org\apache\velocity\velocity-engine-core\2.1\velocity-engine-core-2.1.jar;C:\Users\GRhombus_1\.m2\repository\org\slf4j\slf4j-api\1.7.26\slf4j-api-1.7.26.jar;C:\Users\GRhombus_1\.m2\repository\commons-collections\commons-collections\3.2.2\commons-collections-3.2.2.jar;C:\Users\GRhombus_1\.m2\repository\joda-time\joda-time\2.10.5\joda-time-2.10.5.jar;C:\Users\GRhombus_1\.m2\repository\org\apache\commons\commons-lang3\3.9\commons-lang3-3.9.jar;C:\Users\GRhombus_1\.m2\repository\commons-io\commons-io\2.6\commons-io-2.6.jar;C:\Users\GRhombus_1\.m2\repository\org\jsoup\jsoup\1.12.1\jsoup-1.12.1.jar;C:\Users\GRhombus_1\.m2\repository\com\googlecode\owasp-java-html-sanitizer\owasp-java-html-sanitizer\20191001.1\owasp-java-html-sanitizer-20191001.1.jar;C:\Users\GRhombus_1\.m2\repository\commons-configuration\commons-configuration\1.10\commons-configuration-1.10.jar;C:\Users\GRhombus_1\.m2\repository\commons-lang\commons-lang\2.6\commons-lang-2.6.jar;"/>
    <property name="sun.cpu.endian" value="little"/>
    <property name="user.home" value="C:\Users\GRhombus_1"/>
    <property name="user.language" value="en"/>
    <property name="java.specification.vendor" value="Oracle Corporation"/>
    <property name="java.home" value="C:\Program Files\Java\jdk1.8.0_241\jre"/>
    <property name="basedir" value="C:\Users\GRhombus_1\eclipse-workspace\org.grhombus.chennaiTeam.LearningProject"/>
    <property name="file.separator" value="\"/>
    <property name="line.separator" value="&#10;"/>
    <property name="java.vm.specification.vendor" value="Oracle Corporation"/>
    <property name="java.specification.name" value="Java Platform API Specification"/>
    <property name="java.awt.graphicsenv" value="sun.awt.Win32GraphicsEnvironment"/>
    <property name="surefire.real.class.path" value="C:\Users\GRHOMB~1\AppData\Local\Temp\surefire6130999679451519522\surefirebooter7394310526838091741.jar"/>
    <property name="sun.boot.class.path" value="C:\Program Files\Java\jdk1.8.0_241\jre\lib\resources.jar;C:\Program Files\Java\jdk1.8.0_241\jre\lib\rt.jar;C:\Program Files\Java\jdk1.8.0_241\jre\lib\sunrsasign.jar;C:\Program Files\Java\jdk1.8.0_241\jre\lib\jsse.jar;C:\Program Files\Java\jdk1.8.0_241\jre\lib\jce.jar;C:\Program Files\Java\jdk1.8.0_241\jre\lib\charsets.jar;C:\Program Files\Java\jdk1.8.0_241\jre\lib\jfr.jar;C:\Program Files\Java\jdk1.8.0_241\jre\classes"/>
    <property name="user.script" value=""/>
    <property name="sun.management.compiler" value="HotSpot 64-Bit Tiered Compilers"/>
    <property name="java.runtime.version" value="1.8.0_241-b07"/>
    <property name="user.name" value="GRhombus_1"/>
    <property name="path.separator" value=";"/>
    <property name="os.version" value="10.0"/>
    <property name="java.endorsed.dirs" value="C:\Program Files\Java\jdk1.8.0_241\jre\lib\endorsed"/>
    <property name="java.runtime.name" value="Java(TM) SE Runtime Environment"/>
    <property name="file.encoding" value="Cp1252"/>
    <property name="java.vm.name" value="Java HotSpot(TM) 64-Bit Server VM"/>
    <property name="localRepository" value="C:\Users\GRhombus_1\.m2\repository"/>
    <property name="java.vendor.url.bug" value="http://bugreport.sun.com/bugreport/"/>
    <property name="java.io.tmpdir" value="C:\Users\GRHOMB~1\AppData\Local\Temp\"/>
    <property name="java.version" value="1.8.0_241"/>
    <property name="user.dir" value="C:\Users\GRhombus_1\eclipse-workspace\org.grhombus.chennaiTeam.LearningProject"/>
    <property name="os.arch" value="amd64"/>
    <property name="java.vm.specification.name" value="Java Virtual Machine Specification"/>
    <property name="java.awt.printerjob" value="sun.awt.windows.WPrinterJob"/>
    <property name="sun.os.patch.level" value=""/>
    <property name="java.library.path" value="C:\Program Files\Java\jdk1.8.0_241\jre\bin;C:\windows\Sun\Java\bin;C:\windows\system32;C:\windows;C:/Program Files/Java/jre1.8.0_241/bin/server;C:/Program Files/Java/jre1.8.0_241/bin;C:/Program Files/Java/jre1.8.0_241/lib/amd64;C:\Program Files (x86)\Common Files\Oracle\Java\javapath;C:\windows\system32;C:\windows;C:\windows\System32\Wbem;C:\windows\System32\WindowsPowerShell\v1.0\;C:\windows\System32\OpenSSH\;C:\Program Files (x86)\Intel\Intel(R) Management Engine Components\DAL;C:\Program Files\Intel\Intel(R) Management Engine Components\DAL;C:\Program Files\dotnet\;C:\Users\GRhombus_1\AppData\Local\Microsoft\WindowsApps;C:\Program Files\Java\jdk1.8.0_241\bin;;C:\Program Files\JetBrains\PyCharm Community Edition 2019.3.3\bin;;C:\Users\GRhombus_1\Desktop;;."/>
    <property name="java.vm.info" value="mixed mode"/>
    <property name="java.vendor" value="Oracle Corporation"/>
    <property name="java.vm.version" value="25.241-b07"/>
    <property name="java.ext.dirs" value="C:\Program Files\Java\jdk1.8.0_241\jre\lib\ext;C:\windows\Sun\Java\lib\ext"/>
    <property name="sun.io.unicode.encoding" value="UnicodeLittle"/>
    <property name="java.class.version" value="52.0"/>
  </properties>
  <testcase name="scenario" classname="com.stepDefinition.BaseTest" time="0">
    <skipped message="Expected condition failed: waiting for title to contain &quot;Search Bus Tickets&quot;. Current title: &quot;Book Bus Travels, AC Volvo Bus, rPool &amp; Bus Hire - redBus India&quot; (tried for 60 second(s) with 500 milliseconds interval)&#10;Build info: version: &apos;3.141.59&apos;, revision: &apos;e82be7d358&apos;, time: &apos;2018-11-14T08:17:03&apos;&#10;System info: host: &apos;DESKTOP-2OHSKTF&apos;, ip: &apos;10.80.80.194&apos;, os.name: &apos;Windows 10&apos;, os.arch: &apos;amd64&apos;, os.version: &apos;10.0&apos;, java.version: &apos;1.8.0_241&apos;&#10;Driver info: org.openqa.selenium.chrome.ChromeDriver&#10;Capabilities {acceptInsecureCerts: false, browserName: chrome, browserVersion: 80.0.3987.106, chrome: {chromedriverVersion: 80.0.3987.106 (f68069574609..., userDataDir: C:\Users\GRHOMB~1\AppData\L...}, goog:chromeOptions: {debuggerAddress: localhost:63178}, javascriptEnabled: true, networkConnectionEnabled: false, pageLoadStrategy: normal, platform: WINDOWS, platformName: WINDOWS, proxy: Proxy(), setWindowRect: true, strictFileInteractability: false, timeouts: {implicit: 0, pageLoad: 300000, script: 30000}, unhandledPromptBehavior: dismiss and notify}&#10;Session ID: f469c37f47314b558878a4f3f042751f"/>
    <system-err><![CDATA[Starting ChromeDriver 80.0.3987.106 (f68069574609230cf9b635cd784cfb1bf81bb53a-refs/branch-heads/3987@{#882}) on port 48109
Only local connections are allowed.
Please protect ports used by ChromeDriver and related test frameworks to prevent access by malicious code.
[1582020396.079][WARNING]: Timed out connecting to Chrome, retrying...
Feb 18, 2020 3:36:38 PM org.openqa.selenium.remote.ProtocolHandshake createSession
INFO: Detected dialect: W3C
[1582020399.316][SEVERE]: Timed out receiving message from renderer: 0.100
[1582020399.640][SEVERE]: Timed out receiving message from renderer: 0.100
[1582020404.229][WARNING]: Timed out connecting to Chrome, retrying...
]]></system-err>
  </testcase>
</testsuite>