<?xml version="1.0" encoding="UTF-8"?>
<!-- Generated by org.testng.reporters.JUnitReportReporter -->
<testsuite skipped="1" hostname="DESKTOP-2OHSKTF" name="com.stepDefinition.BaseTest" tests="1" failures="0" timestamp="2020-02-18T15:37:48 IST" time="69.317" errors="0">
  <testcase name="scenario" time="69.317" classname="com.stepDefinition.BaseTest">
    <skipped/>
  </testcase> <!-- scenario -->
  <system-out>
<div "result">Launch the url - &quot;https:&#x2F;&#x2F;www.redbus.in&#x2F;&quot; (PASSED : 7s)</div> <div "result">Select &quot;Koyambedu, Chennai&quot; in FROM textbox (PASSED : 0s)</div> <div "result">Select &quot;Goa&quot; in TO textbox (PASSED : 0s)</div> <div "result">Select &quot;19-Feb-2020&quot; in ONWARD DATE (PASSED : 0s)</div> <div "result">Select &quot;26-Feb-2020&quot; in RETURN DATE (PASSED : 0s)</div> <div "result">Click Search Buses button (PASSED : 0s)</div> <div "result">Verify the following text -&gt; &quot;XX Buses found&quot; (Please make sure atleast one found). (FAILED : 60s)</div> <div "result">Click VIEW SEATS button (SKIPPED)</div> <div "result">Select any one of the available seat. (SKIPPED)</div> <div "result">Select Sholinganallur radio button for Boarding point (SKIPPED)</div> <div "result">Select Panjim radio button for Dropping point (SKIPPED)</div> <div "result">Click the PROCEED TO BOOK button (SKIPPED)</div> <div "result">Verify the tick mark icon present or not for ONWARD JOURNEY (SKIPPED)</div> <div "result">Click the REMOVE RETURN button (SKIPPED)</div> <div "result">Verify Passenger Details form is displayed or not (SKIPPED)</div> <div "result">Enter Enter Name, Gender and age under Passenger Information (SKIPPED)</div> <div "result">Enter Email Id as XYZ@zmail.com (SKIPPED)</div> <div "result">Enter Phone number as 1122334455 (SKIPPED)</div> <div "result">Uncheck the &quot;Send booking details and updates on watsapp number&quot; (SKIPPED)</div> <div "result">Click PROCEED TO PAY button (SKIPPED)</div> <div "result">Verify the PAYMENT OPTION page is visible. (SKIPPED)</div> <div "result">Verify Your Passenger name is correct or not what you have entered in previous page (SKIPPED)</div> <div "result">Verify Seat number is correct or not what you have selected (SKIPPED)</div> <div "result">Click back to navigate previous page (SKIPPED)</div> <div "result">Click back to navigate Home page (SKIPPED)</div> <div "result">Unselect&#x2F;clear &quot;Koyambedu, Chennai&quot; in FROM textbox (SKIPPED)</div> <div "result">Unselect&#x2F;Clear &quot;Goa (All Locations)&quot; in TO textbox (SKIPPED)</div> <div "result">Unselect&#x2F;Clear &quot;19-Feb-2020&quot; in ONWARD DATE (SKIPPED)</div> <div "result">Close the browser (SKIPPED)</div>  </system-out>
</testsuite> <!-- com.stepDefinition.BaseTest -->
